ERROR - 2022-05-04 10:40:12 --> Error connecting to the database: No se puede establecer una conexión ya que el equipo de destino denegó expresamente dicha conexión.

CRITICAL - 2022-05-04 10:40:12 --> Unable to connect to the database.
Main connection [MySQLi]: No se puede establecer una conexión ya que el equipo de destino denegó expresamente dicha conexión.

#0 C:\xampp\htdocs\bancoRest\system\Database\BaseConnection.php(577): CodeIgniter\Database\BaseConnection->initialize()
#1 C:\xampp\htdocs\bancoRest\system\Database\BaseBuilder.php(1455): CodeIgniter\Database\BaseConnection->query('SELECT *\nFROM `...', Array, false)
#2 C:\xampp\htdocs\bancoRest\system\Model.php(183): CodeIgniter\Database\BaseBuilder->get()
#3 C:\xampp\htdocs\bancoRest\system\BaseModel.php(584): CodeIgniter\Model->doFindAll(0, 0)
#4 C:\xampp\htdocs\bancoRest\app\Controllers\API\Clientes.php(14): CodeIgniter\BaseModel->findAll()
#5 C:\xampp\htdocs\bancoRest\system\CodeIgniter.php(832): App\Controllers\API\Clientes->index()
#6 C:\xampp\htdocs\bancoRest\system\CodeIgniter.php(419): CodeIgniter\CodeIgniter->runController(Object(App\Controllers\API\Clientes))
#7 C:\xampp\htdocs\bancoRest\system\CodeIgniter.php(326): CodeIgniter\CodeIgniter->handleRequest(NULL, Object(Config\Cache), false)
#8 C:\xampp\htdocs\bancoRest\public\index.php(37): CodeIgniter\CodeIgniter->run()
#9 C:\xampp\htdocs\bancoRest\system\Commands\Server\rewrite.php(43): require_once('C:\\xampp\\htdocs...')
#10 {main}
ERROR - 2022-05-04 10:41:29 --> Error connecting to the database: No se puede establecer una conexión ya que el equipo de destino denegó expresamente dicha conexión.

CRITICAL - 2022-05-04 10:41:29 --> Unable to connect to the database.
Main connection [MySQLi]: No se puede establecer una conexión ya que el equipo de destino denegó expresamente dicha conexión.

#0 C:\xampp\htdocs\bancoRest\system\Database\BaseConnection.php(577): CodeIgniter\Database\BaseConnection->initialize()
#1 C:\xampp\htdocs\bancoRest\system\Database\BaseBuilder.php(1455): CodeIgniter\Database\BaseConnection->query('SELECT *\nFROM `...', Array, false)
#2 C:\xampp\htdocs\bancoRest\system\Model.php(183): CodeIgniter\Database\BaseBuilder->get()
#3 C:\xampp\htdocs\bancoRest\system\BaseModel.php(584): CodeIgniter\Model->doFindAll(0, 0)
#4 C:\xampp\htdocs\bancoRest\app\Controllers\API\Clientes.php(14): CodeIgniter\BaseModel->findAll()
#5 C:\xampp\htdocs\bancoRest\system\CodeIgniter.php(832): App\Controllers\API\Clientes->index()
#6 C:\xampp\htdocs\bancoRest\system\CodeIgniter.php(419): CodeIgniter\CodeIgniter->runController(Object(App\Controllers\API\Clientes))
#7 C:\xampp\htdocs\bancoRest\system\CodeIgniter.php(326): CodeIgniter\CodeIgniter->handleRequest(NULL, Object(Config\Cache), false)
#8 C:\xampp\htdocs\bancoRest\public\index.php(37): CodeIgniter\CodeIgniter->run()
#9 C:\xampp\htdocs\bancoRest\system\Commands\Server\rewrite.php(43): require_once('C:\\xampp\\htdocs...')
#10 {main}
ERROR - 2022-05-04 10:44:40 --> Error connecting to the database: No se puede establecer una conexión ya que el equipo de destino denegó expresamente dicha conexión.

CRITICAL - 2022-05-04 10:44:40 --> Unable to connect to the database.
Main connection [MySQLi]: No se puede establecer una conexión ya que el equipo de destino denegó expresamente dicha conexión.

#0 C:\xampp\htdocs\bancoRest\system\Database\BaseConnection.php(577): CodeIgniter\Database\BaseConnection->initialize()
#1 C:\xampp\htdocs\bancoRest\system\Database\BaseBuilder.php(1455): CodeIgniter\Database\BaseConnection->query('SELECT *\nFROM `...', Array, false)
#2 C:\xampp\htdocs\bancoRest\system\Model.php(183): CodeIgniter\Database\BaseBuilder->get()
#3 C:\xampp\htdocs\bancoRest\system\BaseModel.php(584): CodeIgniter\Model->doFindAll(0, 0)
#4 C:\xampp\htdocs\bancoRest\app\Controllers\API\Clientes.php(14): CodeIgniter\BaseModel->findAll()
#5 C:\xampp\htdocs\bancoRest\system\CodeIgniter.php(832): App\Controllers\API\Clientes->index()
#6 C:\xampp\htdocs\bancoRest\system\CodeIgniter.php(419): CodeIgniter\CodeIgniter->runController(Object(App\Controllers\API\Clientes))
#7 C:\xampp\htdocs\bancoRest\system\CodeIgniter.php(326): CodeIgniter\CodeIgniter->handleRequest(NULL, Object(Config\Cache), false)
#8 C:\xampp\htdocs\bancoRest\public\index.php(37): CodeIgniter\CodeIgniter->run()
#9 C:\xampp\htdocs\bancoRest\system\Commands\Server\rewrite.php(43): require_once('C:\\xampp\\htdocs...')
#10 {main}
ERROR - 2022-05-04 10:47:07 --> Error connecting to the database: No se puede establecer una conexión ya que el equipo de destino denegó expresamente dicha conexión.

CRITICAL - 2022-05-04 10:47:07 --> Unable to connect to the database.
Main connection [MySQLi]: No se puede establecer una conexión ya que el equipo de destino denegó expresamente dicha conexión.

#0 C:\xampp\htdocs\bancoRest\system\Database\BaseConnection.php(577): CodeIgniter\Database\BaseConnection->initialize()
#1 C:\xampp\htdocs\bancoRest\system\Database\BaseBuilder.php(1455): CodeIgniter\Database\BaseConnection->query('SELECT *\nFROM `...', Array, false)
#2 C:\xampp\htdocs\bancoRest\system\Model.php(183): CodeIgniter\Database\BaseBuilder->get()
#3 C:\xampp\htdocs\bancoRest\system\BaseModel.php(584): CodeIgniter\Model->doFindAll(0, 0)
#4 C:\xampp\htdocs\bancoRest\app\Controllers\API\Clientes.php(14): CodeIgniter\BaseModel->findAll()
#5 C:\xampp\htdocs\bancoRest\system\CodeIgniter.php(832): App\Controllers\API\Clientes->index()
#6 C:\xampp\htdocs\bancoRest\system\CodeIgniter.php(419): CodeIgniter\CodeIgniter->runController(Object(App\Controllers\API\Clientes))
#7 C:\xampp\htdocs\bancoRest\system\CodeIgniter.php(326): CodeIgniter\CodeIgniter->handleRequest(NULL, Object(Config\Cache), false)
#8 C:\xampp\htdocs\bancoRest\public\index.php(37): CodeIgniter\CodeIgniter->run()
#9 C:\xampp\htdocs\bancoRest\system\Commands\Server\rewrite.php(43): require_once('C:\\xampp\\htdocs...')
#10 {main}
ERROR - 2022-05-04 10:48:38 --> Error connecting to the database: No se puede establecer una conexión ya que el equipo de destino denegó expresamente dicha conexión.

CRITICAL - 2022-05-04 10:48:38 --> Unable to connect to the database.
Main connection [MySQLi]: No se puede establecer una conexión ya que el equipo de destino denegó expresamente dicha conexión.

#0 C:\xampp\htdocs\bancoRest\system\Database\BaseConnection.php(577): CodeIgniter\Database\BaseConnection->initialize()
#1 C:\xampp\htdocs\bancoRest\system\Database\BaseBuilder.php(1455): CodeIgniter\Database\BaseConnection->query('SELECT *\nFROM `...', Array, false)
#2 C:\xampp\htdocs\bancoRest\system\Model.php(183): CodeIgniter\Database\BaseBuilder->get()
#3 C:\xampp\htdocs\bancoRest\system\BaseModel.php(584): CodeIgniter\Model->doFindAll(0, 0)
#4 C:\xampp\htdocs\bancoRest\app\Controllers\API\Clientes.php(14): CodeIgniter\BaseModel->findAll()
#5 C:\xampp\htdocs\bancoRest\system\CodeIgniter.php(832): App\Controllers\API\Clientes->index()
#6 C:\xampp\htdocs\bancoRest\system\CodeIgniter.php(419): CodeIgniter\CodeIgniter->runController(Object(App\Controllers\API\Clientes))
#7 C:\xampp\htdocs\bancoRest\system\CodeIgniter.php(326): CodeIgniter\CodeIgniter->handleRequest(NULL, Object(Config\Cache), false)
#8 C:\xampp\htdocs\bancoRest\public\index.php(37): CodeIgniter\CodeIgniter->run()
#9 C:\xampp\htdocs\bancoRest\system\Commands\Server\rewrite.php(43): require_once('C:\\xampp\\htdocs...')
#10 {main}
ERROR - 2022-05-04 10:49:51 --> Error connecting to the database: No se puede establecer una conexión ya que el equipo de destino denegó expresamente dicha conexión.

CRITICAL - 2022-05-04 10:49:51 --> Unable to connect to the database.
Main connection [MySQLi]: No se puede establecer una conexión ya que el equipo de destino denegó expresamente dicha conexión.

#0 C:\xampp\htdocs\bancoRest\system\Database\BaseConnection.php(577): CodeIgniter\Database\BaseConnection->initialize()
#1 C:\xampp\htdocs\bancoRest\system\Database\BaseBuilder.php(1455): CodeIgniter\Database\BaseConnection->query('SELECT *\nFROM `...', Array, false)
#2 C:\xampp\htdocs\bancoRest\system\Model.php(183): CodeIgniter\Database\BaseBuilder->get()
#3 C:\xampp\htdocs\bancoRest\system\BaseModel.php(584): CodeIgniter\Model->doFindAll(0, 0)
#4 C:\xampp\htdocs\bancoRest\app\Controllers\API\Clientes.php(14): CodeIgniter\BaseModel->findAll()
#5 C:\xampp\htdocs\bancoRest\system\CodeIgniter.php(832): App\Controllers\API\Clientes->index()
#6 C:\xampp\htdocs\bancoRest\system\CodeIgniter.php(419): CodeIgniter\CodeIgniter->runController(Object(App\Controllers\API\Clientes))
#7 C:\xampp\htdocs\bancoRest\system\CodeIgniter.php(326): CodeIgniter\CodeIgniter->handleRequest(NULL, Object(Config\Cache), false)
#8 C:\xampp\htdocs\bancoRest\public\index.php(37): CodeIgniter\CodeIgniter->run()
#9 C:\xampp\htdocs\bancoRest\system\Commands\Server\rewrite.php(43): require_once('C:\\xampp\\htdocs...')
#10 {main}
ERROR - 2022-05-04 11:28:24 --> Error connecting to the database: No se puede establecer una conexión ya que el equipo de destino denegó expresamente dicha conexión.

CRITICAL - 2022-05-04 11:28:24 --> Unable to connect to the database.
Main connection [MySQLi]: No se puede establecer una conexión ya que el equipo de destino denegó expresamente dicha conexión.

#0 C:\xampp\htdocs\bancoRest\system\Database\BaseConnection.php(577): CodeIgniter\Database\BaseConnection->initialize()
#1 C:\xampp\htdocs\bancoRest\system\Database\BaseBuilder.php(1455): CodeIgniter\Database\BaseConnection->query('SELECT *\nFROM `...', Array, false)
#2 C:\xampp\htdocs\bancoRest\system\Model.php(183): CodeIgniter\Database\BaseBuilder->get()
#3 C:\xampp\htdocs\bancoRest\system\BaseModel.php(584): CodeIgniter\Model->doFindAll(0, 0)
#4 C:\xampp\htdocs\bancoRest\app\Controllers\API\Clientes.php(14): CodeIgniter\BaseModel->findAll()
#5 C:\xampp\htdocs\bancoRest\system\CodeIgniter.php(832): App\Controllers\API\Clientes->index()
#6 C:\xampp\htdocs\bancoRest\system\CodeIgniter.php(419): CodeIgniter\CodeIgniter->runController(Object(App\Controllers\API\Clientes))
#7 C:\xampp\htdocs\bancoRest\system\CodeIgniter.php(326): CodeIgniter\CodeIgniter->handleRequest(NULL, Object(Config\Cache), false)
#8 C:\xampp\htdocs\bancoRest\public\index.php(37): CodeIgniter\CodeIgniter->run()
#9 C:\xampp\htdocs\bancoRest\system\Commands\Server\rewrite.php(43): require_once('C:\\xampp\\htdocs...')
#10 {main}
ERROR - 2022-05-04 11:40:27 --> Error connecting to the database: No se puede establecer una conexión ya que el equipo de destino denegó expresamente dicha conexión.

CRITICAL - 2022-05-04 11:40:27 --> Unable to connect to the database.
Main connection [MySQLi]: No se puede establecer una conexión ya que el equipo de destino denegó expresamente dicha conexión.

#0 C:\xampp\htdocs\bancoRest\system\Database\BaseConnection.php(577): CodeIgniter\Database\BaseConnection->initialize()
#1 C:\xampp\htdocs\bancoRest\system\Database\BaseBuilder.php(1455): CodeIgniter\Database\BaseConnection->query('SELECT *\nFROM `...', Array, false)
#2 C:\xampp\htdocs\bancoRest\system\Model.php(183): CodeIgniter\Database\BaseBuilder->get()
#3 C:\xampp\htdocs\bancoRest\system\BaseModel.php(584): CodeIgniter\Model->doFindAll(0, 0)
#4 C:\xampp\htdocs\bancoRest\app\Controllers\API\Clientes.php(14): CodeIgniter\BaseModel->findAll()
#5 C:\xampp\htdocs\bancoRest\system\CodeIgniter.php(832): App\Controllers\API\Clientes->index()
#6 C:\xampp\htdocs\bancoRest\system\CodeIgniter.php(419): CodeIgniter\CodeIgniter->runController(Object(App\Controllers\API\Clientes))
#7 C:\xampp\htdocs\bancoRest\system\CodeIgniter.php(326): CodeIgniter\CodeIgniter->handleRequest(NULL, Object(Config\Cache), false)
#8 C:\xampp\htdocs\bancoRest\public\index.php(37): CodeIgniter\CodeIgniter->run()
#9 C:\xampp\htdocs\bancoRest\system\Commands\Server\rewrite.php(43): require_once('C:\\xampp\\htdocs...')
#10 {main}
ERROR - 2022-05-04 11:41:16 --> Error connecting to the database: No se puede establecer una conexión ya que el equipo de destino denegó expresamente dicha conexión.

CRITICAL - 2022-05-04 11:41:16 --> Unable to connect to the database.
Main connection [MySQLi]: No se puede establecer una conexión ya que el equipo de destino denegó expresamente dicha conexión.

#0 C:\xampp\htdocs\bancoRest\system\Database\BaseConnection.php(577): CodeIgniter\Database\BaseConnection->initialize()
#1 C:\xampp\htdocs\bancoRest\system\Database\BaseBuilder.php(1455): CodeIgniter\Database\BaseConnection->query('SELECT *\nFROM `...', Array, false)
#2 C:\xampp\htdocs\bancoRest\system\Model.php(183): CodeIgniter\Database\BaseBuilder->get()
#3 C:\xampp\htdocs\bancoRest\system\BaseModel.php(584): CodeIgniter\Model->doFindAll(0, 0)
#4 C:\xampp\htdocs\bancoRest\app\Controllers\API\Clientes.php(14): CodeIgniter\BaseModel->findAll()
#5 C:\xampp\htdocs\bancoRest\system\CodeIgniter.php(832): App\Controllers\API\Clientes->index()
#6 C:\xampp\htdocs\bancoRest\system\CodeIgniter.php(419): CodeIgniter\CodeIgniter->runController(Object(App\Controllers\API\Clientes))
#7 C:\xampp\htdocs\bancoRest\system\CodeIgniter.php(326): CodeIgniter\CodeIgniter->handleRequest(NULL, Object(Config\Cache), false)
#8 C:\xampp\htdocs\bancoRest\public\index.php(37): CodeIgniter\CodeIgniter->run()
#9 C:\xampp\htdocs\bancoRest\system\Commands\Server\rewrite.php(43): require_once('C:\\xampp\\htdocs...')
#10 {main}
ERROR - 2022-05-04 11:43:18 --> Error connecting to the database: No se puede establecer una conexión ya que el equipo de destino denegó expresamente dicha conexión.

CRITICAL - 2022-05-04 11:43:18 --> Unable to connect to the database.
Main connection [MySQLi]: No se puede establecer una conexión ya que el equipo de destino denegó expresamente dicha conexión.

#0 C:\xampp\htdocs\bancoRest\system\Database\BaseConnection.php(577): CodeIgniter\Database\BaseConnection->initialize()
#1 C:\xampp\htdocs\bancoRest\system\Database\BaseBuilder.php(1455): CodeIgniter\Database\BaseConnection->query('SELECT *\nFROM `...', Array, false)
#2 C:\xampp\htdocs\bancoRest\system\Model.php(183): CodeIgniter\Database\BaseBuilder->get()
#3 C:\xampp\htdocs\bancoRest\system\BaseModel.php(584): CodeIgniter\Model->doFindAll(0, 0)
#4 C:\xampp\htdocs\bancoRest\app\Controllers\API\Clientes.php(14): CodeIgniter\BaseModel->findAll()
#5 C:\xampp\htdocs\bancoRest\system\CodeIgniter.php(832): App\Controllers\API\Clientes->index()
#6 C:\xampp\htdocs\bancoRest\system\CodeIgniter.php(419): CodeIgniter\CodeIgniter->runController(Object(App\Controllers\API\Clientes))
#7 C:\xampp\htdocs\bancoRest\system\CodeIgniter.php(326): CodeIgniter\CodeIgniter->handleRequest(NULL, Object(Config\Cache), false)
#8 C:\xampp\htdocs\bancoRest\public\index.php(37): CodeIgniter\CodeIgniter->run()
#9 C:\xampp\htdocs\bancoRest\system\Commands\Server\rewrite.php(43): require_once('C:\\xampp\\htdocs...')
#10 {main}
ERROR - 2022-05-04 11:47:12 --> Error connecting to the database: No se puede establecer una conexión ya que el equipo de destino denegó expresamente dicha conexión.

CRITICAL - 2022-05-04 11:47:12 --> Unable to connect to the database.
Main connection [MySQLi]: No se puede establecer una conexión ya que el equipo de destino denegó expresamente dicha conexión.

#0 C:\xampp\htdocs\bancoRest\system\Database\BaseConnection.php(577): CodeIgniter\Database\BaseConnection->initialize()
#1 C:\xampp\htdocs\bancoRest\system\Database\BaseBuilder.php(1455): CodeIgniter\Database\BaseConnection->query('SELECT *\nFROM `...', Array, false)
#2 C:\xampp\htdocs\bancoRest\system\Model.php(183): CodeIgniter\Database\BaseBuilder->get()
#3 C:\xampp\htdocs\bancoRest\system\BaseModel.php(584): CodeIgniter\Model->doFindAll(0, 0)
#4 C:\xampp\htdocs\bancoRest\app\Controllers\API\Clientes.php(14): CodeIgniter\BaseModel->findAll()
#5 C:\xampp\htdocs\bancoRest\system\CodeIgniter.php(832): App\Controllers\API\Clientes->index()
#6 C:\xampp\htdocs\bancoRest\system\CodeIgniter.php(419): CodeIgniter\CodeIgniter->runController(Object(App\Controllers\API\Clientes))
#7 C:\xampp\htdocs\bancoRest\system\CodeIgniter.php(326): CodeIgniter\CodeIgniter->handleRequest(NULL, Object(Config\Cache), false)
#8 C:\xampp\htdocs\bancoRest\public\index.php(37): CodeIgniter\CodeIgniter->run()
#9 C:\xampp\htdocs\bancoRest\system\Commands\Server\rewrite.php(43): require_once('C:\\xampp\\htdocs...')
#10 {main}
ERROR - 2022-05-04 11:53:30 --> Error connecting to the database: No se puede establecer una conexión ya que el equipo de destino denegó expresamente dicha conexión.

CRITICAL - 2022-05-04 11:53:30 --> Unable to connect to the database.
Main connection [MySQLi]: No se puede establecer una conexión ya que el equipo de destino denegó expresamente dicha conexión.

#0 C:\xampp\htdocs\bancoRest\system\Database\BaseConnection.php(577): CodeIgniter\Database\BaseConnection->initialize()
#1 C:\xampp\htdocs\bancoRest\system\Database\BaseBuilder.php(1455): CodeIgniter\Database\BaseConnection->query('SELECT *\nFROM `...', Array, false)
#2 C:\xampp\htdocs\bancoRest\system\Model.php(183): CodeIgniter\Database\BaseBuilder->get()
#3 C:\xampp\htdocs\bancoRest\system\BaseModel.php(584): CodeIgniter\Model->doFindAll(0, 0)
#4 C:\xampp\htdocs\bancoRest\app\Controllers\API\Clientes.php(14): CodeIgniter\BaseModel->findAll()
#5 C:\xampp\htdocs\bancoRest\system\CodeIgniter.php(832): App\Controllers\API\Clientes->index()
#6 C:\xampp\htdocs\bancoRest\system\CodeIgniter.php(419): CodeIgniter\CodeIgniter->runController(Object(App\Controllers\API\Clientes))
#7 C:\xampp\htdocs\bancoRest\system\CodeIgniter.php(326): CodeIgniter\CodeIgniter->handleRequest(NULL, Object(Config\Cache), false)
#8 C:\xampp\htdocs\bancoRest\public\index.php(37): CodeIgniter\CodeIgniter->run()
#9 C:\xampp\htdocs\bancoRest\system\Commands\Server\rewrite.php(43): require_once('C:\\xampp\\htdocs...')
#10 {main}
ERROR - 2022-05-04 11:54:52 --> Error connecting to the database: No se puede establecer una conexión ya que el equipo de destino denegó expresamente dicha conexión.

CRITICAL - 2022-05-04 11:54:52 --> Unable to connect to the database.
Main connection [MySQLi]: No se puede establecer una conexión ya que el equipo de destino denegó expresamente dicha conexión.

#0 C:\xampp\htdocs\bancoRest\system\Database\BaseConnection.php(577): CodeIgniter\Database\BaseConnection->initialize()
#1 C:\xampp\htdocs\bancoRest\system\Database\BaseBuilder.php(1455): CodeIgniter\Database\BaseConnection->query('SELECT *\nFROM `...', Array, false)
#2 C:\xampp\htdocs\bancoRest\system\Model.php(183): CodeIgniter\Database\BaseBuilder->get()
#3 C:\xampp\htdocs\bancoRest\system\BaseModel.php(584): CodeIgniter\Model->doFindAll(0, 0)
#4 C:\xampp\htdocs\bancoRest\app\Controllers\API\Clientes.php(14): CodeIgniter\BaseModel->findAll()
#5 C:\xampp\htdocs\bancoRest\system\CodeIgniter.php(832): App\Controllers\API\Clientes->index()
#6 C:\xampp\htdocs\bancoRest\system\CodeIgniter.php(419): CodeIgniter\CodeIgniter->runController(Object(App\Controllers\API\Clientes))
#7 C:\xampp\htdocs\bancoRest\system\CodeIgniter.php(326): CodeIgniter\CodeIgniter->handleRequest(NULL, Object(Config\Cache), false)
#8 C:\xampp\htdocs\bancoRest\public\index.php(37): CodeIgniter\CodeIgniter->run()
#9 C:\xampp\htdocs\bancoRest\system\Commands\Server\rewrite.php(43): require_once('C:\\xampp\\htdocs...')
#10 {main}
ERROR - 2022-05-04 11:56:22 --> Error connecting to the database: No se puede establecer una conexión ya que el equipo de destino denegó expresamente dicha conexión.

CRITICAL - 2022-05-04 11:56:22 --> Unable to connect to the database.
Main connection [MySQLi]: No se puede establecer una conexión ya que el equipo de destino denegó expresamente dicha conexión.

#0 C:\xampp\htdocs\bancoRest\system\Database\BaseConnection.php(577): CodeIgniter\Database\BaseConnection->initialize()
#1 C:\xampp\htdocs\bancoRest\system\Database\BaseBuilder.php(1455): CodeIgniter\Database\BaseConnection->query('SELECT *\nFROM `...', Array, false)
#2 C:\xampp\htdocs\bancoRest\system\Model.php(183): CodeIgniter\Database\BaseBuilder->get()
#3 C:\xampp\htdocs\bancoRest\system\BaseModel.php(584): CodeIgniter\Model->doFindAll(0, 0)
#4 C:\xampp\htdocs\bancoRest\app\Controllers\API\Clientes.php(14): CodeIgniter\BaseModel->findAll()
#5 C:\xampp\htdocs\bancoRest\system\CodeIgniter.php(832): App\Controllers\API\Clientes->index()
#6 C:\xampp\htdocs\bancoRest\system\CodeIgniter.php(419): CodeIgniter\CodeIgniter->runController(Object(App\Controllers\API\Clientes))
#7 C:\xampp\htdocs\bancoRest\system\CodeIgniter.php(326): CodeIgniter\CodeIgniter->handleRequest(NULL, Object(Config\Cache), false)
#8 C:\xampp\htdocs\bancoRest\public\index.php(37): CodeIgniter\CodeIgniter->run()
#9 C:\xampp\htdocs\bancoRest\system\Commands\Server\rewrite.php(43): require_once('C:\\xampp\\htdocs...')
#10 {main}
ERROR - 2022-05-04 12:02:46 --> Error connecting to the database: No se puede establecer una conexión ya que el equipo de destino denegó expresamente dicha conexión.

CRITICAL - 2022-05-04 12:02:46 --> Unable to connect to the database.
Main connection [MySQLi]: No se puede establecer una conexión ya que el equipo de destino denegó expresamente dicha conexión.

#0 C:\xampp\htdocs\bancoRest\system\Database\BaseConnection.php(577): CodeIgniter\Database\BaseConnection->initialize()
#1 C:\xampp\htdocs\bancoRest\system\Database\BaseBuilder.php(1455): CodeIgniter\Database\BaseConnection->query('SELECT *\nFROM `...', Array, false)
#2 C:\xampp\htdocs\bancoRest\system\Model.php(183): CodeIgniter\Database\BaseBuilder->get()
#3 C:\xampp\htdocs\bancoRest\system\BaseModel.php(584): CodeIgniter\Model->doFindAll(0, 0)
#4 C:\xampp\htdocs\bancoRest\app\Controllers\API\Clientes.php(14): CodeIgniter\BaseModel->findAll()
#5 C:\xampp\htdocs\bancoRest\system\CodeIgniter.php(832): App\Controllers\API\Clientes->index()
#6 C:\xampp\htdocs\bancoRest\system\CodeIgniter.php(419): CodeIgniter\CodeIgniter->runController(Object(App\Controllers\API\Clientes))
#7 C:\xampp\htdocs\bancoRest\system\CodeIgniter.php(326): CodeIgniter\CodeIgniter->handleRequest(NULL, Object(Config\Cache), false)
#8 C:\xampp\htdocs\bancoRest\public\index.php(37): CodeIgniter\CodeIgniter->run()
#9 C:\xampp\htdocs\bancoRest\system\Commands\Server\rewrite.php(43): require_once('C:\\xampp\\htdocs...')
#10 {main}
ERROR - 2022-05-04 14:11:29 --> Error connecting to the database: No se puede establecer una conexión ya que el equipo de destino denegó expresamente dicha conexión.

CRITICAL - 2022-05-04 14:11:29 --> Unable to connect to the database.
Main connection [MySQLi]: No se puede establecer una conexión ya que el equipo de destino denegó expresamente dicha conexión.

#0 C:\xampp\htdocs\bancoRest\system\Database\BaseConnection.php(577): CodeIgniter\Database\BaseConnection->initialize()
#1 C:\xampp\htdocs\bancoRest\system\Database\BaseBuilder.php(1771): CodeIgniter\Database\BaseConnection->query('INSERT INTO `cl...', Array, false)
#2 C:\xampp\htdocs\bancoRest\system\Model.php(239): CodeIgniter\Database\BaseBuilder->insert()
#3 C:\xampp\htdocs\bancoRest\system\BaseModel.php(738): CodeIgniter\Model->doInsert(Array)
#4 C:\xampp\htdocs\bancoRest\system\Model.php(625): CodeIgniter\BaseModel->insert(Array, true)
#5 C:\xampp\htdocs\bancoRest\app\Controllers\API\Clientes.php(23): CodeIgniter\Model->insert(Object(stdClass))
#6 C:\xampp\htdocs\bancoRest\system\CodeIgniter.php(832): App\Controllers\API\Clientes->create()
#7 C:\xampp\htdocs\bancoRest\system\CodeIgniter.php(419): CodeIgniter\CodeIgniter->runController(Object(App\Controllers\API\Clientes))
#8 C:\xampp\htdocs\bancoRest\system\CodeIgniter.php(326): CodeIgniter\CodeIgniter->handleRequest(NULL, Object(Config\Cache), false)
#9 C:\xampp\htdocs\bancoRest\public\index.php(37): CodeIgniter\CodeIgniter->run()
#10 C:\xampp\htdocs\bancoRest\system\Commands\Server\rewrite.php(43): require_once('C:\\xampp\\htdocs...')
#11 {main}
ERROR - 2022-05-04 14:11:47 --> Error connecting to the database: No se puede establecer una conexión ya que el equipo de destino denegó expresamente dicha conexión.

CRITICAL - 2022-05-04 14:11:47 --> Unable to connect to the database.
Main connection [MySQLi]: No se puede establecer una conexión ya que el equipo de destino denegó expresamente dicha conexión.

#0 C:\xampp\htdocs\bancoRest\system\Database\BaseConnection.php(577): CodeIgniter\Database\BaseConnection->initialize()
#1 C:\xampp\htdocs\bancoRest\system\Database\BaseBuilder.php(1771): CodeIgniter\Database\BaseConnection->query('INSERT INTO `cl...', Array, false)
#2 C:\xampp\htdocs\bancoRest\system\Model.php(239): CodeIgniter\Database\BaseBuilder->insert()
#3 C:\xampp\htdocs\bancoRest\system\BaseModel.php(738): CodeIgniter\Model->doInsert(Array)
#4 C:\xampp\htdocs\bancoRest\system\Model.php(625): CodeIgniter\BaseModel->insert(Array, true)
#5 C:\xampp\htdocs\bancoRest\app\Controllers\API\Clientes.php(23): CodeIgniter\Model->insert(Object(stdClass))
#6 C:\xampp\htdocs\bancoRest\system\CodeIgniter.php(832): App\Controllers\API\Clientes->create()
#7 C:\xampp\htdocs\bancoRest\system\CodeIgniter.php(419): CodeIgniter\CodeIgniter->runController(Object(App\Controllers\API\Clientes))
#8 C:\xampp\htdocs\bancoRest\system\CodeIgniter.php(326): CodeIgniter\CodeIgniter->handleRequest(NULL, Object(Config\Cache), false)
#9 C:\xampp\htdocs\bancoRest\public\index.php(37): CodeIgniter\CodeIgniter->run()
#10 C:\xampp\htdocs\bancoRest\system\Commands\Server\rewrite.php(43): require_once('C:\\xampp\\htdocs...')
#11 {main}
ERROR - 2022-05-04 14:14:26 --> Error connecting to the database: No se puede establecer una conexión ya que el equipo de destino denegó expresamente dicha conexión.

CRITICAL - 2022-05-04 14:14:26 --> Unable to connect to the database.
Main connection [MySQLi]: No se puede establecer una conexión ya que el equipo de destino denegó expresamente dicha conexión.

#0 C:\xampp\htdocs\bancoRest\system\Database\BaseConnection.php(577): CodeIgniter\Database\BaseConnection->initialize()
#1 C:\xampp\htdocs\bancoRest\system\Database\BaseBuilder.php(1771): CodeIgniter\Database\BaseConnection->query('INSERT INTO `cl...', Array, false)
#2 C:\xampp\htdocs\bancoRest\system\Model.php(239): CodeIgniter\Database\BaseBuilder->insert()
#3 C:\xampp\htdocs\bancoRest\system\BaseModel.php(738): CodeIgniter\Model->doInsert(Array)
#4 C:\xampp\htdocs\bancoRest\system\Model.php(625): CodeIgniter\BaseModel->insert(Array, true)
#5 C:\xampp\htdocs\bancoRest\app\Controllers\API\Clientes.php(23): CodeIgniter\Model->insert(Object(stdClass))
#6 C:\xampp\htdocs\bancoRest\system\CodeIgniter.php(832): App\Controllers\API\Clientes->create()
#7 C:\xampp\htdocs\bancoRest\system\CodeIgniter.php(419): CodeIgniter\CodeIgniter->runController(Object(App\Controllers\API\Clientes))
#8 C:\xampp\htdocs\bancoRest\system\CodeIgniter.php(326): CodeIgniter\CodeIgniter->handleRequest(NULL, Object(Config\Cache), false)
#9 C:\xampp\htdocs\bancoRest\public\index.php(37): CodeIgniter\CodeIgniter->run()
#10 C:\xampp\htdocs\bancoRest\system\Commands\Server\rewrite.php(43): require_once('C:\\xampp\\htdocs...')
#11 {main}
ERROR - 2022-05-04 14:23:59 --> Error connecting to the database: No se puede establecer una conexión ya que el equipo de destino denegó expresamente dicha conexión.

CRITICAL - 2022-05-04 14:23:59 --> Unable to connect to the database.
Main connection [MySQLi]: No se puede establecer una conexión ya que el equipo de destino denegó expresamente dicha conexión.

#0 C:\xampp\htdocs\bancoRest\system\Database\BaseConnection.php(577): CodeIgniter\Database\BaseConnection->initialize()
#1 C:\xampp\htdocs\bancoRest\system\Database\BaseBuilder.php(1771): CodeIgniter\Database\BaseConnection->query('INSERT INTO `cl...', Array, false)
#2 C:\xampp\htdocs\bancoRest\system\Model.php(239): CodeIgniter\Database\BaseBuilder->insert()
#3 C:\xampp\htdocs\bancoRest\system\BaseModel.php(738): CodeIgniter\Model->doInsert(Array)
#4 C:\xampp\htdocs\bancoRest\system\Model.php(625): CodeIgniter\BaseModel->insert(Array, true)
#5 C:\xampp\htdocs\bancoRest\app\Controllers\API\Clientes.php(24): CodeIgniter\Model->insert(Object(stdClass))
#6 C:\xampp\htdocs\bancoRest\system\CodeIgniter.php(832): App\Controllers\API\Clientes->create()
#7 C:\xampp\htdocs\bancoRest\system\CodeIgniter.php(419): CodeIgniter\CodeIgniter->runController(Object(App\Controllers\API\Clientes))
#8 C:\xampp\htdocs\bancoRest\system\CodeIgniter.php(326): CodeIgniter\CodeIgniter->handleRequest(NULL, Object(Config\Cache), false)
#9 C:\xampp\htdocs\bancoRest\public\index.php(37): CodeIgniter\CodeIgniter->run()
#10 C:\xampp\htdocs\bancoRest\system\Commands\Server\rewrite.php(43): require_once('C:\\xampp\\htdocs...')
#11 {main}
ERROR - 2022-05-04 14:25:01 --> Error connecting to the database: No se puede establecer una conexión ya que el equipo de destino denegó expresamente dicha conexión.

CRITICAL - 2022-05-04 14:25:01 --> Unable to connect to the database.
Main connection [MySQLi]: No se puede establecer una conexión ya que el equipo de destino denegó expresamente dicha conexión.

#0 C:\xampp\htdocs\bancoRest\system\Database\BaseConnection.php(577): CodeIgniter\Database\BaseConnection->initialize()
#1 C:\xampp\htdocs\bancoRest\system\Database\BaseBuilder.php(1771): CodeIgniter\Database\BaseConnection->query('INSERT INTO `cl...', Array, false)
#2 C:\xampp\htdocs\bancoRest\system\Model.php(239): CodeIgniter\Database\BaseBuilder->insert()
#3 C:\xampp\htdocs\bancoRest\system\BaseModel.php(738): CodeIgniter\Model->doInsert(Array)
#4 C:\xampp\htdocs\bancoRest\system\Model.php(625): CodeIgniter\BaseModel->insert(Array, true)
#5 C:\xampp\htdocs\bancoRest\app\Controllers\API\Clientes.php(24): CodeIgniter\Model->insert(Object(stdClass))
#6 C:\xampp\htdocs\bancoRest\system\CodeIgniter.php(832): App\Controllers\API\Clientes->create()
#7 C:\xampp\htdocs\bancoRest\system\CodeIgniter.php(419): CodeIgniter\CodeIgniter->runController(Object(App\Controllers\API\Clientes))
#8 C:\xampp\htdocs\bancoRest\system\CodeIgniter.php(326): CodeIgniter\CodeIgniter->handleRequest(NULL, Object(Config\Cache), false)
#9 C:\xampp\htdocs\bancoRest\public\index.php(37): CodeIgniter\CodeIgniter->run()
#10 C:\xampp\htdocs\bancoRest\system\Commands\Server\rewrite.php(43): require_once('C:\\xampp\\htdocs...')
#11 {main}
ERROR - 2022-05-04 14:26:00 --> Error connecting to the database: No se puede establecer una conexión ya que el equipo de destino denegó expresamente dicha conexión.

CRITICAL - 2022-05-04 14:26:00 --> Unable to connect to the database.
Main connection [MySQLi]: No se puede establecer una conexión ya que el equipo de destino denegó expresamente dicha conexión.

#0 C:\xampp\htdocs\bancoRest\system\Database\BaseConnection.php(577): CodeIgniter\Database\BaseConnection->initialize()
#1 C:\xampp\htdocs\bancoRest\system\Database\BaseBuilder.php(1771): CodeIgniter\Database\BaseConnection->query('INSERT INTO `cl...', Array, false)
#2 C:\xampp\htdocs\bancoRest\system\Model.php(239): CodeIgniter\Database\BaseBuilder->insert()
#3 C:\xampp\htdocs\bancoRest\system\BaseModel.php(738): CodeIgniter\Model->doInsert(Array)
#4 C:\xampp\htdocs\bancoRest\system\Model.php(625): CodeIgniter\BaseModel->insert(Array, true)
#5 C:\xampp\htdocs\bancoRest\app\Controllers\API\Clientes.php(24): CodeIgniter\Model->insert(Object(stdClass))
#6 C:\xampp\htdocs\bancoRest\system\CodeIgniter.php(832): App\Controllers\API\Clientes->create()
#7 C:\xampp\htdocs\bancoRest\system\CodeIgniter.php(419): CodeIgniter\CodeIgniter->runController(Object(App\Controllers\API\Clientes))
#8 C:\xampp\htdocs\bancoRest\system\CodeIgniter.php(326): CodeIgniter\CodeIgniter->handleRequest(NULL, Object(Config\Cache), false)
#9 C:\xampp\htdocs\bancoRest\public\index.php(37): CodeIgniter\CodeIgniter->run()
#10 C:\xampp\htdocs\bancoRest\system\Commands\Server\rewrite.php(43): require_once('C:\\xampp\\htdocs...')
#11 {main}
ERROR - 2022-05-04 14:26:11 --> Error connecting to the database: No se puede establecer una conexión ya que el equipo de destino denegó expresamente dicha conexión.

CRITICAL - 2022-05-04 14:26:11 --> Unable to connect to the database.
Main connection [MySQLi]: No se puede establecer una conexión ya que el equipo de destino denegó expresamente dicha conexión.

#0 C:\xampp\htdocs\bancoRest\system\Database\BaseConnection.php(577): CodeIgniter\Database\BaseConnection->initialize()
#1 C:\xampp\htdocs\bancoRest\system\Database\BaseBuilder.php(1771): CodeIgniter\Database\BaseConnection->query('INSERT INTO `cl...', Array, false)
#2 C:\xampp\htdocs\bancoRest\system\Model.php(239): CodeIgniter\Database\BaseBuilder->insert()
#3 C:\xampp\htdocs\bancoRest\system\BaseModel.php(738): CodeIgniter\Model->doInsert(Array)
#4 C:\xampp\htdocs\bancoRest\system\Model.php(625): CodeIgniter\BaseModel->insert(Array, true)
#5 C:\xampp\htdocs\bancoRest\app\Controllers\API\Clientes.php(24): CodeIgniter\Model->insert(Object(stdClass))
#6 C:\xampp\htdocs\bancoRest\system\CodeIgniter.php(832): App\Controllers\API\Clientes->create()
#7 C:\xampp\htdocs\bancoRest\system\CodeIgniter.php(419): CodeIgniter\CodeIgniter->runController(Object(App\Controllers\API\Clientes))
#8 C:\xampp\htdocs\bancoRest\system\CodeIgniter.php(326): CodeIgniter\CodeIgniter->handleRequest(NULL, Object(Config\Cache), false)
#9 C:\xampp\htdocs\bancoRest\public\index.php(37): CodeIgniter\CodeIgniter->run()
#10 C:\xampp\htdocs\bancoRest\system\Commands\Server\rewrite.php(43): require_once('C:\\xampp\\htdocs...')
#11 {main}
ERROR - 2022-05-04 14:26:24 --> Error connecting to the database: No se puede establecer una conexión ya que el equipo de destino denegó expresamente dicha conexión.

CRITICAL - 2022-05-04 14:26:24 --> Unable to connect to the database.
Main connection [MySQLi]: No se puede establecer una conexión ya que el equipo de destino denegó expresamente dicha conexión.

#0 C:\xampp\htdocs\bancoRest\system\Database\BaseConnection.php(577): CodeIgniter\Database\BaseConnection->initialize()
#1 C:\xampp\htdocs\bancoRest\system\Database\BaseBuilder.php(1771): CodeIgniter\Database\BaseConnection->query('INSERT INTO `cl...', Array, false)
#2 C:\xampp\htdocs\bancoRest\system\Model.php(239): CodeIgniter\Database\BaseBuilder->insert()
#3 C:\xampp\htdocs\bancoRest\system\BaseModel.php(738): CodeIgniter\Model->doInsert(Array)
#4 C:\xampp\htdocs\bancoRest\system\Model.php(625): CodeIgniter\BaseModel->insert(Array, true)
#5 C:\xampp\htdocs\bancoRest\app\Controllers\API\Clientes.php(24): CodeIgniter\Model->insert(Object(stdClass))
#6 C:\xampp\htdocs\bancoRest\system\CodeIgniter.php(832): App\Controllers\API\Clientes->create()
#7 C:\xampp\htdocs\bancoRest\system\CodeIgniter.php(419): CodeIgniter\CodeIgniter->runController(Object(App\Controllers\API\Clientes))
#8 C:\xampp\htdocs\bancoRest\system\CodeIgniter.php(326): CodeIgniter\CodeIgniter->handleRequest(NULL, Object(Config\Cache), false)
#9 C:\xampp\htdocs\bancoRest\public\index.php(37): CodeIgniter\CodeIgniter->run()
#10 C:\xampp\htdocs\bancoRest\system\Commands\Server\rewrite.php(43): require_once('C:\\xampp\\htdocs...')
#11 {main}
ERROR - 2022-05-04 15:32:18 --> Error connecting to the database: No se puede establecer una conexión ya que el equipo de destino denegó expresamente dicha conexión.

CRITICAL - 2022-05-04 15:32:18 --> Unable to connect to the database.
Main connection [MySQLi]: No se puede establecer una conexión ya que el equipo de destino denegó expresamente dicha conexión.

#0 C:\xampp\htdocs\bancoRest\system\Database\BaseConnection.php(577): CodeIgniter\Database\BaseConnection->initialize()
#1 C:\xampp\htdocs\bancoRest\system\Database\BaseBuilder.php(1771): CodeIgniter\Database\BaseConnection->query('INSERT INTO `cl...', Array, false)
#2 C:\xampp\htdocs\bancoRest\system\Model.php(239): CodeIgniter\Database\BaseBuilder->insert()
#3 C:\xampp\htdocs\bancoRest\system\BaseModel.php(738): CodeIgniter\Model->doInsert(Array)
#4 C:\xampp\htdocs\bancoRest\system\Model.php(625): CodeIgniter\BaseModel->insert(Array, true)
#5 C:\xampp\htdocs\bancoRest\app\Controllers\API\Clientes.php(22): CodeIgniter\Model->insert(Object(stdClass))
#6 C:\xampp\htdocs\bancoRest\system\CodeIgniter.php(832): App\Controllers\API\Clientes->create()
#7 C:\xampp\htdocs\bancoRest\system\CodeIgniter.php(419): CodeIgniter\CodeIgniter->runController(Object(App\Controllers\API\Clientes))
#8 C:\xampp\htdocs\bancoRest\system\CodeIgniter.php(326): CodeIgniter\CodeIgniter->handleRequest(NULL, Object(Config\Cache), false)
#9 C:\xampp\htdocs\bancoRest\public\index.php(37): CodeIgniter\CodeIgniter->run()
#10 C:\xampp\htdocs\bancoRest\system\Commands\Server\rewrite.php(43): require_once('C:\\xampp\\htdocs...')
#11 {main}
ERROR - 2022-05-04 15:33:35 --> Error connecting to the database: No se puede establecer una conexión ya que el equipo de destino denegó expresamente dicha conexión.

CRITICAL - 2022-05-04 15:33:35 --> Unable to connect to the database.
Main connection [MySQLi]: No se puede establecer una conexión ya que el equipo de destino denegó expresamente dicha conexión.

#0 C:\xampp\htdocs\bancoRest\system\Database\BaseConnection.php(577): CodeIgniter\Database\BaseConnection->initialize()
#1 C:\xampp\htdocs\bancoRest\system\Database\BaseBuilder.php(1771): CodeIgniter\Database\BaseConnection->query('INSERT INTO `cl...', Array, false)
#2 C:\xampp\htdocs\bancoRest\system\Model.php(239): CodeIgniter\Database\BaseBuilder->insert()
#3 C:\xampp\htdocs\bancoRest\system\BaseModel.php(738): CodeIgniter\Model->doInsert(Array)
#4 C:\xampp\htdocs\bancoRest\system\Model.php(625): CodeIgniter\BaseModel->insert(Array, true)
#5 C:\xampp\htdocs\bancoRest\app\Controllers\API\Clientes.php(22): CodeIgniter\Model->insert(Object(stdClass))
#6 C:\xampp\htdocs\bancoRest\system\CodeIgniter.php(832): App\Controllers\API\Clientes->create()
#7 C:\xampp\htdocs\bancoRest\system\CodeIgniter.php(419): CodeIgniter\CodeIgniter->runController(Object(App\Controllers\API\Clientes))
#8 C:\xampp\htdocs\bancoRest\system\CodeIgniter.php(326): CodeIgniter\CodeIgniter->handleRequest(NULL, Object(Config\Cache), false)
#9 C:\xampp\htdocs\bancoRest\public\index.php(37): CodeIgniter\CodeIgniter->run()
#10 C:\xampp\htdocs\bancoRest\system\Commands\Server\rewrite.php(43): require_once('C:\\xampp\\htdocs...')
#11 {main}
ERROR - 2022-05-04 20:21:46 --> Error connecting to the database: No se puede establecer una conexión ya que el equipo de destino denegó expresamente dicha conexión.

CRITICAL - 2022-05-04 20:21:46 --> Unable to connect to the database.
Main connection [MySQLi]: No se puede establecer una conexión ya que el equipo de destino denegó expresamente dicha conexión.

#0 C:\xampp\htdocs\bancoRest\system\Database\BaseConnection.php(577): CodeIgniter\Database\BaseConnection->initialize()
#1 C:\xampp\htdocs\bancoRest\system\Database\BaseBuilder.php(1771): CodeIgniter\Database\BaseConnection->query('INSERT INTO `cl...', Array, false)
#2 C:\xampp\htdocs\bancoRest\system\Model.php(239): CodeIgniter\Database\BaseBuilder->insert()
#3 C:\xampp\htdocs\bancoRest\system\BaseModel.php(738): CodeIgniter\Model->doInsert(Array)
#4 C:\xampp\htdocs\bancoRest\system\Model.php(625): CodeIgniter\BaseModel->insert(Array, true)
#5 C:\xampp\htdocs\bancoRest\app\Controllers\API\Clientes.php(22): CodeIgniter\Model->insert(Object(stdClass))
#6 C:\xampp\htdocs\bancoRest\system\CodeIgniter.php(832): App\Controllers\API\Clientes->create()
#7 C:\xampp\htdocs\bancoRest\system\CodeIgniter.php(419): CodeIgniter\CodeIgniter->runController(Object(App\Controllers\API\Clientes))
#8 C:\xampp\htdocs\bancoRest\system\CodeIgniter.php(326): CodeIgniter\CodeIgniter->handleRequest(NULL, Object(Config\Cache), false)
#9 C:\xampp\htdocs\bancoRest\public\index.php(37): CodeIgniter\CodeIgniter->run()
#10 C:\xampp\htdocs\bancoRest\system\Commands\Server\rewrite.php(43): require_once('C:\\xampp\\htdocs...')
#11 {main}
